<?xml version="1.0" encoding="UTF-8"?>
<!-- Generated by org.testng.reporters.JUnitReportReporter -->
<testsuite hostname="LAPTOP-NNLS1QRE" failures="0" tests="1" name="com.actitime.testscript.CustomerModule" time="31.439" errors="0" timestamp="2023-07-25T16:48:23 IST" skipped="0">
  <testcase classname="com.actitime.testscript.CustomerModule" name="testCreateCustomer" time="31.439">
    <system-out>
      <![CDATA[createCustomer]]>
    </system-out>
  </testcase> <!-- testCreateCustomer -->
  <system-out>
    <![CDATA[open browser
login
createCustomer
logout
close browser]]>
  </system-out>
</testsuite> <!-- com.actitime.testscript.CustomerModule -->
